# JRE version: Java(TM) SE Runtime Environment (8.0_91-b14) (build 1.8.0_91-b14)
# Java VM: Java HotSpot(TM) 64-Bit Server VM (25.91-b14 mixed mode linux-amd64 compressed oops)
Heap:
 PSYoungGen      total 68096K, used 2560K [0x00000000eae00000, 0x00000000ef300000, 0x0000000100000000)
  eden space 65536K, 0% used [0x00000000eae00000,0x00000000eae00000,0x00000000eee00000)
  from space 2560K, 100% used [0x00000000eee00000,0x00000000ef080000,0x00000000ef080000)
  to   space 2560K, 0% used [0x00000000ef080000,0x00000000ef080000,0x00000000ef300000)
 ParOldGen       total 44032K, used 10715K [0x00000000c0a00000, 0x00000000c3500000, 0x00000000eae00000)
  object space 44032K, 24% used [0x00000000c0a00000,0x00000000c1476e58,0x00000000c3500000)
 Metaspace       used 13739K, capacity 14064K, committed 14336K, reserved 1062912K
  class space    used 1642K, capacity 1760K, committed 1792K, reserved 1048576K
GC Heap History (9 events):
Event: 1,721 GC heap before
{Heap before GC invocations=1 (full 0):
 PSYoungGen      total 18944K, used 16384K [0x00000000eae00000, 0x00000000ec300000, 0x0000000100000000)
  eden space 16384K, 100% used [0x00000000eae00000,0x00000000ebe00000,0x00000000ebe00000)
  from space 2560K, 0% used [0x00000000ec080000,0x00000000ec080000,0x00000000ec300000)
  to   space 2560K, 0% used [0x00000000ebe00000,0x00000000ebe00000,0x00000000ec080000)
 ParOldGen       total 44032K, used 0K [0x00000000c0a00000, 0x00000000c3500000, 0x00000000eae00000)
  object space 44032K, 0% used [0x00000000c0a00000,0x00000000c0a00000,0x00000000c3500000)
 Metaspace       used 6714K, capacity 6876K, committed 7040K, reserved 1056768K
  class space    used 822K, capacity 888K, committed 896K, reserved 1048576K
Event: 1,745 GC heap after
Heap after GC invocations=1 (full 0):
 PSYoungGen      total 18944K, used 2554K [0x00000000eae00000, 0x00000000ed300000, 0x0000000100000000)
  eden space 16384K, 0% used [0x00000000eae00000,0x00000000eae00000,0x00000000ebe00000)
  from space 2560K, 99% used [0x00000000ebe00000,0x00000000ec07ebd0,0x00000000ec080000)
  to   space 2560K, 0% used [0x00000000ed080000,0x00000000ed080000,0x00000000ed300000)
 ParOldGen       total 44032K, used 715K [0x00000000c0a00000, 0x00000000c3500000, 0x00000000eae00000)
  object space 44032K, 1% used [0x00000000c0a00000,0x00000000c0ab2f10,0x00000000c3500000)
 Metaspace       used 6714K, capacity 6876K, committed 7040K, reserved 1056768K
  class space    used 822K, capacity 888K, committed 896K, reserved 1048576K
}
Event: 2,465 GC heap before
{Heap before GC invocations=2 (full 0):
 PSYoungGen      total 18944K, used 18938K [0x00000000eae00000, 0x00000000ed300000, 0x0000000100000000)
  eden space 16384K, 100% used [0x00000000eae00000,0x00000000ebe00000,0x00000000ebe00000)
  from space 2560K, 99% used [0x00000000ebe00000,0x00000000ec07ebd0,0x00000000ec080000)
  to   space 2560K, 0% used [0x00000000ed080000,0x00000000ed080000,0x00000000ed300000)
 ParOldGen       total 44032K, used 715K [0x00000000c0a00000, 0x00000000c3500000, 0x00000000eae00000)
  object space 44032K, 1% used [0x00000000c0a00000,0x00000000c0ab2f10,0x00000000c3500000)
 Metaspace       used 7971K, capacity 8072K, committed 8320K, reserved 1056768K
  class space    used 1016K, capacity 1050K, committed 1152K, reserved 1048576K
Event: 2,472 GC heap after
Heap after GC invocations=2 (full 0):
 PSYoungGen      total 35328K, used 2546K [0x00000000eae00000, 0x00000000ed300000, 0x0000000100000000)
  eden space 32768K, 0% used [0x00000000eae00000,0x00000000eae00000,0x00000000ece00000)
  from space 2560K, 99% used [0x00000000ed080000,0x00000000ed2fcb00,0x00000000ed300000)
  to   space 2560K, 0% used [0x00000000ece00000,0x00000000ece00000,0x00000000ed080000)
 ParOldGen       total 44032K, used 1042K [0x00000000c0a00000, 0x00000000c3500000, 0x00000000eae00000)
  object space 44032K, 2% used [0x00000000c0a00000,0x00000000c0b04b08,0x00000000c3500000)
 Metaspace       used 7971K, capacity 8072K, committed 8320K, reserved 1056768K
  class space    used 1016K, capacity 1050K, committed 1152K, reserved 1048576K
}
Event: 3,866 GC heap before
{Heap before GC invocations=3 (full 0):
 PSYoungGen      total 35328K, used 35314K [0x00000000eae00000, 0x00000000ed300000, 0x0000000100000000)
  eden space 32768K, 100% used [0x00000000eae00000,0x00000000ece00000,0x00000000ece00000)
  from space 2560K, 99% used [0x00000000ed080000,0x00000000ed2fcb00,0x00000000ed300000)
  to   space 2560K, 0% used [0x00000000ece00000,0x00000000ece00000,0x00000000ed080000)
 ParOldGen       total 44032K, used 1042K [0x00000000c0a00000, 0x00000000c3500000, 0x00000000eae00000)
  object space 44032K, 2% used [0x00000000c0a00000,0x00000000c0b04b08,0x00000000c3500000)
 Metaspace       used 12914K, capacity 13194K, committed 13312K, reserved 1060864K
  class space    used 1580K, capacity 1688K, committed 1792K, reserved 1048576K
Event: 3,888 GC heap after
Heap after GC invocations=3 (full 0):
 PSYoungGen      total 35328K, used 2544K [0x00000000eae00000, 0x00000000ef300000, 0x0000000100000000)
  eden space 32768K, 0% used [0x00000000eae00000,0x00000000eae00000,0x00000000ece00000)
  from space 2560K, 99% used [0x00000000ece00000,0x00000000ed07c010,0x00000000ed080000)
  to   space 2560K, 0% used [0x00000000ef080000,0x00000000ef080000,0x00000000ef300000)
 ParOldGen       total 44032K, used 5044K [0x00000000c0a00000, 0x00000000c3500000, 0x00000000eae00000)
  object space 44032K, 11% used [0x00000000c0a00000,0x00000000c0eed348,0x00000000c3500000)
 Metaspace       used 12914K, capacity 13194K, committed 13312K, reserved 1060864K
  class space    used 1580K, capacity 1688K, committed 1792K, reserved 1048576K
}
Event: 4,624 GC heap before
{Heap before GC invocations=4 (full 0):
 PSYoungGen      total 35328K, used 35312K [0x00000000eae00000, 0x00000000ef300000, 0x0000000100000000)
  eden space 32768K, 100% used [0x00000000eae00000,0x00000000ece00000,0x00000000ece00000)
  from space 2560K, 99% used [0x00000000ece00000,0x00000000ed07c010,0x00000000ed080000)
  to   space 2560K, 0% used [0x00000000ef080000,0x00000000ef080000,0x00000000ef300000)
 ParOldGen       total 44032K, used 5044K [0x00000000c0a00000, 0x00000000c3500000, 0x00000000eae00000)
  object space 44032K, 11% used [0x00000000c0a00000,0x00000000c0eed348,0x00000000c3500000)
 Metaspace       used 13356K, capacity 13630K, committed 13824K, reserved 1060864K
  class space    used 1623K, capacity 1725K, committed 1792K, reserved 1048576K
Event: 4,666 GC heap after
Heap after GC invocations=4 (full 0):
 PSYoungGen      total 68096K, used 2560K [0x00000000eae00000, 0x00000000ef300000, 0x0000000100000000)
  eden space 65536K, 0% used [0x00000000eae00000,0x00000000eae00000,0x00000000eee00000)
  from space 2560K, 100% used [0x00000000ef080000,0x00000000ef300000,0x00000000ef300000)
  to   space 2560K, 0% used [0x00000000eee00000,0x00000000eee00000,0x00000000ef080000)
 ParOldGen       total 44032K, used 7720K [0x00000000c0a00000, 0x00000000c3500000, 0x00000000eae00000)
  object space 44032K, 17% used [0x00000000c0a00000,0x00000000c118a1f8,0x00000000c3500000)
 Metaspace       used 13356K, capacity 13630K, committed 13824K, reserved 1060864K
  class space    used 1623K, capacity 1725K, committed 1792K, reserved 1048576K
}
Event: 11,321 GC heap before
{Heap before GC invocations=5 (full 0):
 PSYoungGen      total 68096K, used 68096K [0x00000000eae00000, 0x00000000ef300000, 0x0000000100000000)
  eden space 65536K, 100% used [0x00000000eae00000,0x00000000eee00000,0x00000000eee00000)
  from space 2560K, 100% used [0x00000000ef080000,0x00000000ef300000,0x00000000ef300000)
  to   space 2560K, 0% used [0x00000000eee00000,0x00000000eee00000,0x00000000ef080000)
 ParOldGen       total 44032K, used 7720K [0x00000000c0a00000, 0x00000000c3500000, 0x00000000eae00000)
  object space 44032K, 17% used [0x00000000c0a00000,0x00000000c118a1f8,0x00000000c3500000)
 Metaspace       used 13739K, capacity 14064K, committed 14336K, reserved 1062912K
  class space    used 1642K, capacity 1760K, committed 1792K, reserved 1048576K

