# JRE version: Java(TM) SE Runtime Environment (8.0_91-b14) (build 1.8.0_91-b14)
# Java VM: Java HotSpot(TM) 64-Bit Server VM (25.91-b14 mixed mode linux-amd64 compressed oops)
Heap:
 PSYoungGen      total 139264K, used 9700K [0x00000000eae00000, 0x00000000f8b80000, 0x0000000100000000)
  eden space 129536K, 0% used [0x00000000eae00000,0x00000000eae00000,0x00000000f2c80000)
  from space 9728K, 99% used [0x00000000f8200000,0x00000000f8b79248,0x00000000f8b80000)
  to   space 9728K, 0% used [0x00000000f2c80000,0x00000000f2c80000,0x00000000f3600000)
 ParOldGen       total 36864K, used 29369K [0x00000000c0a00000, 0x00000000c2e00000, 0x00000000eae00000)
  object space 36864K, 79% used [0x00000000c0a00000,0x00000000c26ae4f0,0x00000000c2e00000)
 Metaspace       used 24866K, capacity 25368K, committed 25600K, reserved 1071104K
  class space    used 2897K, capacity 3025K, committed 3072K, reserved 1048576K
GC Heap History (10 events):
Event: 5,668 GC heap after
Heap after GC invocations=6 (full 0):
 PSYoungGen      total 71680K, used 4192K [0x00000000eae00000, 0x00000000efa00000, 0x0000000100000000)
  eden space 65536K, 0% used [0x00000000eae00000,0x00000000eae00000,0x00000000eee00000)
  from space 6144K, 68% used [0x00000000ef400000,0x00000000ef818000,0x00000000efa00000)
  to   space 6144K, 0% used [0x00000000eee00000,0x00000000eee00000,0x00000000ef400000)
 ParOldGen       total 44032K, used 7792K [0x00000000c0a00000, 0x00000000c3500000, 0x00000000eae00000)
  object space 44032K, 17% used [0x00000000c0a00000,0x00000000c119c3b0,0x00000000c3500000)
 Metaspace       used 13493K, capacity 13764K, committed 14080K, reserved 1060864K
  class space    used 1625K, capacity 1726K, committed 1792K, reserved 1048576K
}
Event: 8,975 GC heap before
{Heap before GC invocations=7 (full 0):
 PSYoungGen      total 71680K, used 69728K [0x00000000eae00000, 0x00000000efa00000, 0x0000000100000000)
  eden space 65536K, 100% used [0x00000000eae00000,0x00000000eee00000,0x00000000eee00000)
  from space 6144K, 68% used [0x00000000ef400000,0x00000000ef818000,0x00000000efa00000)
  to   space 6144K, 0% used [0x00000000eee00000,0x00000000eee00000,0x00000000ef400000)
 ParOldGen       total 44032K, used 7792K [0x00000000c0a00000, 0x00000000c3500000, 0x00000000eae00000)
  object space 44032K, 17% used [0x00000000c0a00000,0x00000000c119c3b0,0x00000000c3500000)
 Metaspace       used 17339K, capacity 17744K, committed 17920K, reserved 1064960K
  class space    used 2116K, capacity 2231K, committed 2304K, reserved 1048576K
Event: 9,050 GC heap after
Heap after GC invocations=7 (full 0):
 PSYoungGen      total 71680K, used 6128K [0x00000000eae00000, 0x00000000f3e00000, 0x0000000100000000)
  eden space 65536K, 0% used [0x00000000eae00000,0x00000000eae00000,0x00000000eee00000)
  from space 6144K, 99% used [0x00000000eee00000,0x00000000ef3fc010,0x00000000ef400000)
  to   space 8192K, 0% used [0x00000000f3600000,0x00000000f3600000,0x00000000f3e00000)
 ParOldGen       total 44032K, used 11057K [0x00000000c0a00000, 0x00000000c3500000, 0x00000000eae00000)
  object space 44032K, 25% used [0x00000000c0a00000,0x00000000c14cc4b8,0x00000000c3500000)
 Metaspace       used 17339K, capacity 17744K, committed 17920K, reserved 1064960K
  class space    used 2116K, capacity 2231K, committed 2304K, reserved 1048576K
}
Event: 11,020 GC heap before
{Heap before GC invocations=8 (full 0):
 PSYoungGen      total 71680K, used 71664K [0x00000000eae00000, 0x00000000f3e00000, 0x0000000100000000)
  eden space 65536K, 100% used [0x00000000eae00000,0x00000000eee00000,0x00000000eee00000)
  from space 6144K, 99% used [0x00000000eee00000,0x00000000ef3fc010,0x00000000ef400000)
  to   space 8192K, 0% used [0x00000000f3600000,0x00000000f3600000,0x00000000f3e00000)
 ParOldGen       total 44032K, used 11057K [0x00000000c0a00000, 0x00000000c3500000, 0x00000000eae00000)
  object space 44032K, 25% used [0x00000000c0a00000,0x00000000c14cc4b8,0x00000000c3500000)
 Metaspace       used 19742K, capacity 20216K, committed 20480K, reserved 1067008K
  class space    used 2403K, capacity 2545K, committed 2560K, reserved 1048576K
Event: 11,043 GC heap after
Heap after GC invocations=8 (full 0):
 PSYoungGen      total 137728K, used 8179K [0x00000000eae00000, 0x00000000f4100000, 0x0000000100000000)
  eden space 129536K, 0% used [0x00000000eae00000,0x00000000eae00000,0x00000000f2c80000)
  from space 8192K, 99% used [0x00000000f3600000,0x00000000f3dfcdb0,0x00000000f3e00000)
  to   space 9728K, 0% used [0x00000000f2c80000,0x00000000f2c80000,0x00000000f3600000)
 ParOldGen       total 44032K, used 12123K [0x00000000c0a00000, 0x00000000c3500000, 0x00000000eae00000)
  object space 44032K, 27% used [0x00000000c0a00000,0x00000000c15d6fe8,0x00000000c3500000)
 Metaspace       used 19742K, capacity 20216K, committed 20480K, reserved 1067008K
  class space    used 2403K, capacity 2545K, committed 2560K, reserved 1048576K
}
Event: 11,142 GC heap before
{Heap before GC invocations=9 (full 0):
 PSYoungGen      total 137728K, used 13252K [0x00000000eae00000, 0x00000000f4100000, 0x0000000100000000)
  eden space 129536K, 3% used [0x00000000eae00000,0x00000000eb2f42f0,0x00000000f2c80000)
  from space 8192K, 99% used [0x00000000f3600000,0x00000000f3dfcdb0,0x00000000f3e00000)
  to   space 9728K, 0% used [0x00000000f2c80000,0x00000000f2c80000,0x00000000f3600000)
 ParOldGen       total 44032K, used 12123K [0x00000000c0a00000, 0x00000000c3500000, 0x00000000eae00000)
  object space 44032K, 27% used [0x00000000c0a00000,0x00000000c15d6fe8,0x00000000c3500000)
 Metaspace       used 20695K, capacity 21112K, committed 21296K, reserved 1069056K
  class space    used 2547K, capacity 2673K, committed 2688K, reserved 1048576K
Event: 11,160 GC heap after
Heap after GC invocations=9 (full 0):
 PSYoungGen      total 139264K, used 5632K [0x00000000eae00000, 0x00000000f8b80000, 0x0000000100000000)
  eden space 129536K, 0% used [0x00000000eae00000,0x00000000eae00000,0x00000000f2c80000)
  from space 9728K, 57% used [0x00000000f2c80000,0x00000000f3200020,0x00000000f3600000)
  to   space 9728K, 0% used [0x00000000f8200000,0x00000000f8200000,0x00000000f8b80000)
 ParOldGen       total 44032K, used 14059K [0x00000000c0a00000, 0x00000000c3500000, 0x00000000eae00000)
  object space 44032K, 31% used [0x00000000c0a00000,0x00000000c17bafe8,0x00000000c3500000)
 Metaspace       used 20695K, capacity 21112K, committed 21296K, reserved 1069056K
  class space    used 2547K, capacity 2673K, committed 2688K, reserved 1048576K
}
Event: 11,160 GC heap before
{Heap before GC invocations=10 (full 1):
 PSYoungGen      total 139264K, used 5632K [0x00000000eae00000, 0x00000000f8b80000, 0x0000000100000000)
  eden space 129536K, 0% used [0x00000000eae00000,0x00000000eae00000,0x00000000f2c80000)
  from space 9728K, 57% used [0x00000000f2c80000,0x00000000f3200020,0x00000000f3600000)
  to   space 9728K, 0% used [0x00000000f8200000,0x00000000f8200000,0x00000000f8b80000)
 ParOldGen       total 44032K, used 14059K [0x00000000c0a00000, 0x00000000c3500000, 0x00000000eae00000)
  object space 44032K, 31% used [0x00000000c0a00000,0x00000000c17bafe8,0x00000000c3500000)
 Metaspace       used 20695K, capacity 21112K, committed 21296K, reserved 1069056K
  class space    used 2547K, capacity 2673K, committed 2688K, reserved 1048576K
Event: 11,238 GC heap after
Heap after GC invocations=10 (full 1):
 PSYoungGen      total 139264K, used 0K [0x00000000eae00000, 0x00000000f8b80000, 0x0000000100000000)
  eden space 129536K, 0% used [0x00000000eae00000,0x00000000eae00000,0x00000000f2c80000)
  from space 9728K, 0% used [0x00000000f2c80000,0x00000000f2c80000,0x00000000f3600000)
  to   space 9728K, 0% used [0x00000000f8200000,0x00000000f8200000,0x00000000f8b80000)
 ParOldGen       total 36864K, used 14152K [0x00000000c0a00000, 0x00000000c2e00000, 0x00000000eae00000)
  object space 36864K, 38% used [0x00000000c0a00000,0x00000000c17d2330,0x00000000c2e00000)
 Metaspace       used 20695K, capacity 21112K, committed 21296K, reserved 1069056K
  class space    used 2547K, capacity 2673K, committed 2688K, reserved 1048576K
}
Event: 17,702 GC heap before
{Heap before GC invocations=11 (full 1):
 PSYoungGen      total 139264K, used 129536K [0x00000000eae00000, 0x00000000f8b80000, 0x0000000100000000)
  eden space 129536K, 100% used [0x00000000eae00000,0x00000000f2c80000,0x00000000f2c80000)
  from space 9728K, 0% used [0x00000000f2c80000,0x00000000f2c80000,0x00000000f3600000)
  to   space 9728K, 0% used [0x00000000f8200000,0x00000000f8200000,0x00000000f8b80000)
 ParOldGen       total 36864K, used 14152K [0x00000000c0a00000, 0x00000000c2e00000, 0x00000000eae00000)
  object space 36864K, 38% used [0x00000000c0a00000,0x00000000c17d2330,0x00000000c2e00000)
 Metaspace       used 24866K, capacity 25368K, committed 25600K, reserved 1071104K
  class space    used 2897K, capacity 3025K, committed 3072K, reserved 1048576K

