# JRE version: Java(TM) SE Runtime Environment (8.0_91-b14) (build 1.8.0_91-b14)
# Java VM: Java HotSpot(TM) 64-Bit Server VM (25.91-b14 mixed mode linux-amd64 compressed oops)
Heap:
 PSYoungGen      total 38400K, used 3872K [0x00000000eae00000, 0x00000000ed900000, 0x0000000100000000)
  eden space 32768K, 0% used [0x00000000eae00000,0x00000000eae00000,0x00000000ece00000)
  from space 5632K, 68% used [0x00000000ece00000,0x00000000ed1c8000,0x00000000ed380000)
  to   space 5632K, 0% used [0x00000000ed380000,0x00000000ed380000,0x00000000ed900000)
 ParOldGen       total 44032K, used 8060K [0x00000000c0a00000, 0x00000000c3500000, 0x00000000eae00000)
  object space 44032K, 18% used [0x00000000c0a00000,0x00000000c11df2e8,0x00000000c3500000)
 Metaspace       used 13485K, capacity 13764K, committed 14080K, reserved 1060864K
  class space    used 1627K, capacity 1726K, committed 1792K, reserved 1048576K
GC Heap History (10 events):
Event: 2,013 GC heap after
Heap after GC invocations=2 (full 0):
 PSYoungGen      total 18944K, used 2560K [0x00000000eae00000, 0x00000000ec300000, 0x0000000100000000)
  eden space 16384K, 0% used [0x00000000eae00000,0x00000000eae00000,0x00000000ebe00000)
  from space 2560K, 100% used [0x00000000ec080000,0x00000000ec300000,0x00000000ec300000)
  to   space 2560K, 0% used [0x00000000ebe00000,0x00000000ebe00000,0x00000000ec080000)
 ParOldGen       total 44032K, used 1095K [0x00000000c0a00000, 0x00000000c3500000, 0x00000000eae00000)
  object space 44032K, 2% used [0x00000000c0a00000,0x00000000c0b11f50,0x00000000c3500000)
 Metaspace       used 7981K, capacity 8136K, committed 8320K, reserved 1056768K
  class space    used 1015K, capacity 1050K, committed 1152K, reserved 1048576K
}
Event: 2,502 GC heap before
{Heap before GC invocations=3 (full 0):
 PSYoungGen      total 18944K, used 18944K [0x00000000eae00000, 0x00000000ec300000, 0x0000000100000000)
  eden space 16384K, 100% used [0x00000000eae00000,0x00000000ebe00000,0x00000000ebe00000)
  from space 2560K, 100% used [0x00000000ec080000,0x00000000ec300000,0x00000000ec300000)
  to   space 2560K, 0% used [0x00000000ebe00000,0x00000000ebe00000,0x00000000ec080000)
 ParOldGen       total 44032K, used 1095K [0x00000000c0a00000, 0x00000000c3500000, 0x00000000eae00000)
  object space 44032K, 2% used [0x00000000c0a00000,0x00000000c0b11f50,0x00000000c3500000)
 Metaspace       used 10117K, capacity 10236K, committed 10368K, reserved 1058816K
  class space    used 1289K, capacity 1341K, committed 1408K, reserved 1048576K
Event: 2,507 GC heap after
Heap after GC invocations=3 (full 0):
 PSYoungGen      total 18944K, used 2560K [0x00000000eae00000, 0x00000000ec300000, 0x0000000100000000)
  eden space 16384K, 0% used [0x00000000eae00000,0x00000000eae00000,0x00000000ebe00000)
  from space 2560K, 100% used [0x00000000ebe00000,0x00000000ec080000,0x00000000ec080000)
  to   space 2560K, 0% used [0x00000000ec080000,0x00000000ec080000,0x00000000ec300000)
 ParOldGen       total 44032K, used 2797K [0x00000000c0a00000, 0x00000000c3500000, 0x00000000eae00000)
  object space 44032K, 6% used [0x00000000c0a00000,0x00000000c0cbb7b0,0x00000000c3500000)
 Metaspace       used 10117K, capacity 10236K, committed 10368K, reserved 1058816K
  class space    used 1289K, capacity 1341K, committed 1408K, reserved 1048576K
}
Event: 3,652 GC heap before
{Heap before GC invocations=4 (full 0):
 PSYoungGen      total 18944K, used 18944K [0x00000000eae00000, 0x00000000ec300000, 0x0000000100000000)
  eden space 16384K, 100% used [0x00000000eae00000,0x00000000ebe00000,0x00000000ebe00000)
  from space 2560K, 100% used [0x00000000ebe00000,0x00000000ec080000,0x00000000ec080000)
  to   space 2560K, 0% used [0x00000000ec080000,0x00000000ec080000,0x00000000ec300000)
 ParOldGen       total 44032K, used 2797K [0x00000000c0a00000, 0x00000000c3500000, 0x00000000eae00000)
  object space 44032K, 6% used [0x00000000c0a00000,0x00000000c0cbb7b0,0x00000000c3500000)
 Metaspace       used 12993K, capacity 13322K, committed 13568K, reserved 1060864K
  class space    used 1587K, capacity 1688K, committed 1792K, reserved 1048576K
Event: 3,660 GC heap after
Heap after GC invocations=4 (full 0):
 PSYoungGen      total 18944K, used 2544K [0x00000000eae00000, 0x00000000ec300000, 0x0000000100000000)
  eden space 16384K, 0% used [0x00000000eae00000,0x00000000eae00000,0x00000000ebe00000)
  from space 2560K, 99% used [0x00000000ec080000,0x00000000ec2fc010,0x00000000ec300000)
  to   space 2560K, 0% used [0x00000000ebe00000,0x00000000ebe00000,0x00000000ec080000)
 ParOldGen       total 44032K, used 5070K [0x00000000c0a00000, 0x00000000c3500000, 0x00000000eae00000)
  object space 44032K, 11% used [0x00000000c0a00000,0x00000000c0ef3868,0x00000000c3500000)
 Metaspace       used 12993K, capacity 13322K, committed 13568K, reserved 1060864K
  class space    used 1587K, capacity 1688K, committed 1792K, reserved 1048576K
}
Event: 4,313 GC heap before
{Heap before GC invocations=5 (full 0):
 PSYoungGen      total 18944K, used 18928K [0x00000000eae00000, 0x00000000ec300000, 0x0000000100000000)
  eden space 16384K, 100% used [0x00000000eae00000,0x00000000ebe00000,0x00000000ebe00000)
  from space 2560K, 99% used [0x00000000ec080000,0x00000000ec2fc010,0x00000000ec300000)
  to   space 2560K, 0% used [0x00000000ebe00000,0x00000000ebe00000,0x00000000ec080000)
 ParOldGen       total 44032K, used 5070K [0x00000000c0a00000, 0x00000000c3500000, 0x00000000eae00000)
  object space 44032K, 11% used [0x00000000c0a00000,0x00000000c0ef3868,0x00000000c3500000)
 Metaspace       used 13328K, capacity 13630K, committed 13824K, reserved 1060864K
  class space    used 1620K, capacity 1725K, committed 1792K, reserved 1048576K
Event: 4,349 GC heap after
Heap after GC invocations=5 (full 0):
 PSYoungGen      total 18944K, used 2544K [0x00000000eae00000, 0x00000000ed900000, 0x0000000100000000)
  eden space 16384K, 0% used [0x00000000eae00000,0x00000000eae00000,0x00000000ebe00000)
  from space 2560K, 99% used [0x00000000ebe00000,0x00000000ec07c010,0x00000000ec080000)
  to   space 5632K, 0% used [0x00000000ed380000,0x00000000ed380000,0x00000000ed900000)
 ParOldGen       total 44032K, used 7144K [0x00000000c0a00000, 0x00000000c3500000, 0x00000000eae00000)
  object space 44032K, 16% used [0x00000000c0a00000,0x00000000c10fa288,0x00000000c3500000)
 Metaspace       used 13328K, capacity 13630K, committed 13824K, reserved 1060864K
  class space    used 1620K, capacity 1725K, committed 1792K, reserved 1048576K
}
Event: 4,661 GC heap before
{Heap before GC invocations=6 (full 0):
 PSYoungGen      total 18944K, used 18928K [0x00000000eae00000, 0x00000000ed900000, 0x0000000100000000)
  eden space 16384K, 100% used [0x00000000eae00000,0x00000000ebe00000,0x00000000ebe00000)
  from space 2560K, 99% used [0x00000000ebe00000,0x00000000ec07c010,0x00000000ec080000)
  to   space 5632K, 0% used [0x00000000ed380000,0x00000000ed380000,0x00000000ed900000)
 ParOldGen       total 44032K, used 7144K [0x00000000c0a00000, 0x00000000c3500000, 0x00000000eae00000)
  object space 44032K, 16% used [0x00000000c0a00000,0x00000000c10fa288,0x00000000c3500000)
 Metaspace       used 13397K, capacity 13758K, committed 14080K, reserved 1060864K
  class space    used 1625K, capacity 1725K, committed 1792K, reserved 1048576K
Event: 4,672 GC heap after
Heap after GC invocations=6 (full 0):
 PSYoungGen      total 38400K, used 3456K [0x00000000eae00000, 0x00000000ed900000, 0x0000000100000000)
  eden space 32768K, 0% used [0x00000000eae00000,0x00000000eae00000,0x00000000ece00000)
  from space 5632K, 61% used [0x00000000ed380000,0x00000000ed6e0000,0x00000000ed900000)
  to   space 5632K, 0% used [0x00000000ece00000,0x00000000ece00000,0x00000000ed380000)
 ParOldGen       total 44032K, used 7144K [0x00000000c0a00000, 0x00000000c3500000, 0x00000000eae00000)
  object space 44032K, 16% used [0x00000000c0a00000,0x00000000c10fa288,0x00000000c3500000)
 Metaspace       used 13397K, capacity 13758K, committed 14080K, reserved 1060864K
  class space    used 1625K, capacity 1725K, committed 1792K, reserved 1048576K
}
Event: 7,684 GC heap before
{Heap before GC invocations=7 (full 0):
 PSYoungGen      total 38400K, used 36224K [0x00000000eae00000, 0x00000000ed900000, 0x0000000100000000)
  eden space 32768K, 100% used [0x00000000eae00000,0x00000000ece00000,0x00000000ece00000)
  from space 5632K, 61% used [0x00000000ed380000,0x00000000ed6e0000,0x00000000ed900000)
  to   space 5632K, 0% used [0x00000000ece00000,0x00000000ece00000,0x00000000ed380000)
 ParOldGen       total 44032K, used 7144K [0x00000000c0a00000, 0x00000000c3500000, 0x00000000eae00000)
  object space 44032K, 16% used [0x00000000c0a00000,0x00000000c10fa288,0x00000000c3500000)
 Metaspace       used 13485K, capacity 13764K, committed 14080K, reserved 1060864K
  class space    used 1627K, capacity 1726K, committed 1792K, reserved 1048576K

